Build started 12/26/2020 1:15:15 PM.
     1>Project "D:\دراسة\Programming أولي\Programming Techniques\lapc++\Lab4_CMPN103_F20 - Composition_Aggregation_Association\Lap4\Lap4\Lap4.vcxproj" on node 2 (Build target(s)).
     1>ClCompile:
         C:\Program Files (x86)\Microsoft Visual Studio 11.0\VC\bin\CL.exe /c /ZI /nologo /W3 /WX- /Od /Oy- /D _MBCS /U_CRT_SECURE_NO_WARNINGS /Gm /EHsc /RTC1 /MDd /GS /fp:precise /Zc:wchar_t /Zc:forScope /Fo"Debug\\" /Fd"Debug\vc110.pdb" /Gd /TP /analyze- /errorReport:prompt Bank.cpp BankAccount.cpp Customer.cpp main.cpp
         main.cpp
         Customer.cpp
     1>d:\دراسة\programming أولي\programming techniques\lapc++\lab4_cmpn103_f20 - composition_aggregation_association\lap4\lap4\customer.cpp(17): warning C4996: 'strcpy': This function or variable may be unsafe. Consider using strcpy_s instead. To disable deprecation, use _CRT_SECURE_NO_WARNINGS. See online help for details.
                 c:\program files (x86)\microsoft visual studio 11.0\vc\include\string.h(110) : see declaration of 'strcpy'
         Generating Code...
         Compiling...
         BankAccount.cpp
         Generating Code...
         Skipping... (no relevant changes detected)
         Bank.cpp
       Link:
         C:\Program Files (x86)\Microsoft Visual Studio 11.0\VC\bin\link.exe /ERRORREPORT:PROMPT /OUT:"D:\دراسة\Programming أولي\Programming Techniques\lapc++\Lab4_CMPN103_F20 - Composition_Aggregation_Association\Lap4\Debug\Lap4.exe" /INCREMENTAL /NOLOGO kernel32.lib user32.lib gdi32.lib winspool.lib comdlg32.lib advapi32.lib shell32.lib ole32.lib oleaut32.lib uuid.lib odbc32.lib odbccp32.lib /MANIFEST /MANIFESTUAC:"level='asInvoker' uiAccess='false'" /manifest:embed /DEBUG /PDB:"D:\دراسة\Programming أولي\Programming Techniques\lapc++\Lab4_CMPN103_F20 - Composition_Aggregation_Association\Lap4\Debug\Lap4.pdb" /SUBSYSTEM:CONSOLE /TLBID:1 /DYNAMICBASE /NXCOMPAT /IMPLIB:"D:\دراسة\Programming أولي\Programming Techniques\lapc++\Lab4_CMPN103_F20 - Composition_Aggregation_Association\Lap4\Debug\Lap4.lib" /MACHINE:X86 Debug\Bank.obj
         Debug\BankAccount.obj
         Debug\Customer.obj
         Debug\main.obj
         Lap4.vcxproj -> D:\دراسة\Programming أولي\Programming Techniques\lapc++\Lab4_CMPN103_F20 - Composition_Aggregation_Association\Lap4\Debug\Lap4.exe
     1>Done Building Project "D:\دراسة\Programming أولي\Programming Techniques\lapc++\Lab4_CMPN103_F20 - Composition_Aggregation_Association\Lap4\Lap4\Lap4.vcxproj" (Build target(s)).

Build succeeded.

Time Elapsed 00:00:01.52
